rw-r--r--2120/92   25413 Jan 26 22:31 1991 c_main.c
rw-r--r--2120/92   17814 Jan 13 19:27 1991 c_move.c
rw-r--r--2120/92   16456 Jan 30 14:54 1991 c_graphics.c
rw-r--r--2120/92    9239 Jan 30 14:55 1991 c_scores.c
rw-r--r--2120/92   23503 Feb 04 06:51 1991 c_gpr.c
rw-r--r--2120/92    5489 Jan 28 18:29 1991 c_parseopts.c
rw-r--r--2120/92   12748 Jan 30 14:53 1991 c_draw.c
rw-r--r--2120/92   15665 Jan 30 14:54 1991 c_explode.c
rw-r--r--2120/92    2847 Feb 04 06:48 1991 c_config.h
rw-r--r--2120/92    4433 Jan 30 14:52 1991 c_structs.h
rw-r--r--2120/92    2541 Jan 13 15:41 1991 c_defs.h
rw-r--r--2120/92    5516 Jan 30 14:44 1991 c_externs.h
rw-r--r--2120/92    1168 Jan 11 23:48 1991 c_colors.h
rw-r--r--2120/92     416 Jan 16 00:32 1991 c_includes.h
rw-r--r--2120/92      22 Jan 11 23:48 1991 PatchLevel.h
rw-r--r--2120/92    8510 Jan 28 22:38 1991 cbzone.help
rw-r--r--2120/92     156 Jan 13 17:41 1991 cbzone.motd
rw-r--r--2120/92    1246 Jan 16 00:37 1991 Imakefile
rw-r--r--2120/92   10305 Jan 16 01:59 1991 Makefile.orig
rw-r--r--2120/92     696 Jan 13 21:03 1991 INSTALL
rw-r--r--2120/92    3803 Jan 26 20:30 1991 ChangeLog
rwxr-xr-x2120/92       0 Dec 21 17:44 1990 bitmaps/
rw-r--r--2120/92    1613 Dec 20 19:34 1990 bitmaps/moon.bits
rw-r--r--2120/92     482 Dec 21 03:29 1990 bitmaps/joystick.bits
rw-r--r--2120/92     323 Dec 21 15:26 1990 bitmaps/hswitch.bits
rw-r--r--2120/92     323 Dec 21 15:27 1990 bitmaps/lswitch.bits
rw-r--r--2120/92     575 Dec 20 20:04 1990 bitmaps/tank.bits
rw-r--r--2120/92     281 Dec 21 17:40 1990 bitmaps/cursor.bits
rw-r--r--2120/92     281 Dec 21 17:43 1990 bitmaps/cshape.bits
